0 info it worked if it ends with ok
1 verbose cli [ 'C:\\Program Files (x86)\\nodejs\\\\node.exe',
1 verbose cli   'C:\\Program Files (x86)\\nodejs\\node_modules\\npm\\bin\\npm-cliGameOfLifeViewController.js',
1 verbose cli   'install',
1 verbose cli   'qunit-theme-bruce' ]
2 info using npm@2.10.1
3 info using node@v0.12.4
4 verbose install initial load of C:\Users\jsavage\WebstormProjects\GameOfLife\packageGameOfLifeViewController.json
5 verbose readDependencies loading dependencies from C:\Users\jsavage\WebstormProjects\GameOfLife\packageGameOfLifeViewController.json
6 silly cache add args [ 'qunit-theme-bruce', null ]
7 verbose cache add spec qunit-theme-bruce
8 silly cache add parsed spec { raw: 'qunit-theme-bruce',
8 silly cache add   scope: null,
8 silly cache add   name: 'qunit-theme-bruce',
8 silly cache add   rawSpec: '',
8 silly cache add   spec: '*',
8 silly cache add   type: 'range' }
9 silly addNamed qunit-theme-bruce@*
10 verbose addNamed "*" is a valid semver range for qunit-theme-bruce
11 silly addNameRange { name: 'qunit-theme-bruce', range: '*', hasData: false }
12 silly mapToRegistry name qunit-theme-bruce
13 silly mapToRegistry using default registry
14 silly mapToRegistry registry https://registry.npmjs.org/
15 silly mapToRegistry uri https://registry.npmjs.org/qunit-theme-bruce
16 verbose addNameRange registry:https://registry.npmjs.org/qunit-theme-bruce not in flight; fetching
17 verbose request uri https://registry.npmjs.org/qunit-theme-bruce
18 verbose request no auth needed
19 info attempt registry request try #1 at 2:10:42 PM
20 verbose request id a94a848a7a956698
21 http request GET https://registry.npmjs.org/qunit-theme-bruce
22 http 404 https://registry.npmjs.org/qunit-theme-bruce
23 verbose headers { server: 'CouchDB/1.5.0 (Erlang OTP/R16B03)',
23 verbose headers   'content-type': 'application/json',
23 verbose headers   'cache-control': 'max-age=0',
23 verbose headers   'content-length': '51',
23 verbose headers   'accept-ranges': 'bytes',
23 verbose headers   date: 'Fri, 12 Jun 2015 18:10:42 GMT',
23 verbose headers   via: '1.1 varnish',
23 verbose headers   age: '0',
23 verbose headers   connection: 'keep-alive',
23 verbose headers   'x-served-by': 'cache-jfk1033-JFK',
23 verbose headers   'x-cache': 'MISS',
23 verbose headers   'x-cache-hits': '0',
23 verbose headers   'x-timer': 'S1434132642.973163,VS0,VE21' }
24 silly get cb [ 404,
24 silly get   { server: 'CouchDB/1.5.0 (Erlang OTP/R16B03)',
24 silly get     'content-type': 'application/json',
24 silly get     'cache-control': 'max-age=0',
24 silly get     'content-length': '51',
24 silly get     'accept-ranges': 'bytes',
24 silly get     date: 'Fri, 12 Jun 2015 18:10:42 GMT',
24 silly get     via: '1.1 varnish',
24 silly get     age: '0',
24 silly get     connection: 'keep-alive',
24 silly get     'x-served-by': 'cache-jfk1033-JFK',
24 silly get     'x-cache': 'MISS',
24 silly get     'x-cache-hits': '0',
24 silly get     'x-timer': 'S1434132642.973163,VS0,VE21' } ]
25 verbose stack Error: 404 Not Found: qunit-theme-bruce
25 verbose stack     at CachingRegistryClient.<anonymous> (C:\Program Files (x86)\nodejs\node_modules\npm\node_modules\npm-registry-client\lib\requestGameOfLifeViewController.js:245:14)
25 verbose stack     at Request._callback (C:\Program Files (x86)\nodejs\node_modules\npm\node_modules\npm-registry-client\lib\requestGameOfLifeViewController.js:170:14)
25 verbose stack     at Request.self.callback (C:\Program Files (x86)\nodejs\node_modules\npm\node_modules\request\requestGameOfLifeViewController.js:368:22)
25 verbose stack     at Request.emit (eventsGameOfLifeViewController.js:110:17)
25 verbose stack     at Request.<anonymous> (C:\Program Files (x86)\nodejs\node_modules\npm\node_modules\request\requestGameOfLifeViewController.js:1219:14)
25 verbose stack     at Request.emit (eventsGameOfLifeViewController.js:129:20)
25 verbose stack     at IncomingMessage.<anonymous> (C:\Program Files (x86)\nodejs\node_modules\npm\node_modules\request\requestGameOfLifeViewController.js:1167:12)
25 verbose stack     at IncomingMessage.emit (eventsGameOfLifeViewController.js:129:20)
25 verbose stack     at _stream_readableGameOfLifeViewController.js:908:16
25 verbose stack     at process._tickCallback (nodeGameOfLifeViewController.js:355:11)
26 verbose statusCode 404
27 verbose pkgid qunit-theme-bruce
28 verbose cwd C:\Users\jsavage\WebstormProjects\GameOfLife
29 error Windows_NT 6.3.9600
30 error argv "C:\\Program Files (x86)\\nodejs\\\\node.exe" "C:\\Program Files (x86)\\nodejs\\node_modules\\npm\\bin\\npm-cliGameOfLifeViewController.js" "install" "qunit-theme-bruce"
31 error node v0.12.4
32 error npm  v2.10.1
33 error code E404
34 error 404 Not Found: qunit-theme-bruce
34 error 404
34 error 404 'qunit-theme-bruce' is not in the npm registry.
34 error 404 You should bug the author to publish it (or use the name yourself!)
34 error 404
34 error 404 Note that you can also install from a
34 error 404 tarball, folder, http url, or git url.
35 verbose exit [ 1, true ]
